  Game.cpp
C:\Users\Goat\Desktop\Mio\ImageCampus\Desarrollo-1\Desarrollo_1_Pong\Pong_Desarrollo_1\Pong\Game.cpp(58,12): warning C4244: 'argument': conversion from 'time_t' to 'unsigned int', possible loss of data
C:\Users\Goat\Desktop\Mio\ImageCampus\Desarrollo-1\Desarrollo_1_Pong\Pong_Desarrollo_1\Pong\Game.cpp(136,65): warning C4244: '=': conversion from 'int' to 'float', possible loss of data
C:\Users\Goat\Desktop\Mio\ImageCampus\Desarrollo-1\Desarrollo_1_Pong\Pong_Desarrollo_1\Pong\Game.cpp(156,65): warning C4244: '=': conversion from 'int' to 'float', possible loss of data
C:\Users\Goat\Desktop\Mio\ImageCampus\Desarrollo-1\Desarrollo_1_Pong\Pong_Desarrollo_1\Pong\Game.cpp(225,51): warning C4244: 'argument': conversion from 'int' to 'float', possible loss of data
C:\Users\Goat\Desktop\Mio\ImageCampus\Desarrollo-1\Desarrollo_1_Pong\Pong_Desarrollo_1\Pong\Game.cpp(235,51): warning C4244: 'argument': conversion from 'int' to 'float', possible loss of data
C:\Users\Goat\Desktop\Mio\ImageCampus\Desarrollo-1\Desarrollo_1_Pong\Pong_Desarrollo_1\Pong\Game.cpp(290,97): warning C4244: 'argument': conversion from 'float' to 'int', possible loss of data
C:\Users\Goat\Desktop\Mio\ImageCampus\Desarrollo-1\Desarrollo_1_Pong\Pong_Desarrollo_1\Pong\Game.cpp(290,86): warning C4244: 'argument': conversion from 'float' to 'int', possible loss of data
C:\Users\Goat\Desktop\Mio\ImageCampus\Desarrollo-1\Desarrollo_1_Pong\Pong_Desarrollo_1\Pong\Game.cpp(290,62): warning C4244: 'argument': conversion from 'float' to 'int', possible loss of data
C:\Users\Goat\Desktop\Mio\ImageCampus\Desarrollo-1\Desarrollo_1_Pong\Pong_Desarrollo_1\Pong\Game.cpp(290,31): warning C4244: 'argument': conversion from 'float' to 'int', possible loss of data
C:\Users\Goat\Desktop\Mio\ImageCampus\Desarrollo-1\Desarrollo_1_Pong\Pong_Desarrollo_1\Pong\Game.cpp(292,97): warning C4244: 'argument': conversion from 'float' to 'int', possible loss of data
C:\Users\Goat\Desktop\Mio\ImageCampus\Desarrollo-1\Desarrollo_1_Pong\Pong_Desarrollo_1\Pong\Game.cpp(292,86): warning C4244: 'argument': conversion from 'float' to 'int', possible loss of data
C:\Users\Goat\Desktop\Mio\ImageCampus\Desarrollo-1\Desarrollo_1_Pong\Pong_Desarrollo_1\Pong\Game.cpp(292,62): warning C4244: 'argument': conversion from 'float' to 'int', possible loss of data
C:\Users\Goat\Desktop\Mio\ImageCampus\Desarrollo-1\Desarrollo_1_Pong\Pong_Desarrollo_1\Pong\Game.cpp(292,31): warning C4244: 'argument': conversion from 'float' to 'int', possible loss of data
C:\Users\Goat\Desktop\Mio\ImageCampus\Desarrollo-1\Desarrollo_1_Pong\Pong_Desarrollo_1\Pong\Game.cpp(294,34): warning C4244: 'argument': conversion from 'int' to 'float', possible loss of data
raylib.lib(rcore.obj) : warning LNK4099: PDB 'raylib.pdb' was not found with 'raylib.lib(rcore.obj)' or at 'C:\Users\Goat\Desktop\Mio\ImageCampus\Desarrollo-1\Desarrollo_1_Pong\Pong_Desarrollo_1\bin\Win32\Debug\raylib.pdb'; linking object as if no debug info
raylib.lib(rglfw.obj) : warning LNK4099: PDB 'raylib.pdb' was not found with 'raylib.lib(rglfw.obj)' or at 'C:\Users\Goat\Desktop\Mio\ImageCampus\Desarrollo-1\Desarrollo_1_Pong\Pong_Desarrollo_1\bin\Win32\Debug\raylib.pdb'; linking object as if no debug info
raylib.lib(rshapes.obj) : warning LNK4099: PDB 'raylib.pdb' was not found with 'raylib.lib(rshapes.obj)' or at 'C:\Users\Goat\Desktop\Mio\ImageCampus\Desarrollo-1\Desarrollo_1_Pong\Pong_Desarrollo_1\bin\Win32\Debug\raylib.pdb'; linking object as if no debug info
raylib.lib(rtext.obj) : warning LNK4099: PDB '' was not found with 'raylib.lib(rtext.obj)' or at ''; linking object as if no debug info
raylib.lib(rtextures.obj) : warning LNK4099: PDB '' was not found with 'raylib.lib(rtextures.obj)' or at ''; linking object as if no debug info
  Pong.vcxproj -> C:\Users\Goat\Desktop\Mio\ImageCampus\Desarrollo-1\Desarrollo_1_Pong\Pong_Desarrollo_1\bin\Win32\Debug\Pong.exe
